<?xml version="1.0" encoding="UTF-8"?>
<!-- Generated by org.testng.reporters.JUnitXMLReporter -->
<testsuite hostname="TECHMASST300004" ignored="0" name="Test1" tests="3" failures="0" timestamp="2020-09-09T15:37:34 IST" time="184.08" errors="0">
  <testcase name="test_updateInc" time="65.521" classname="com.test.TC_RemedyIncident_Update"/>
  <testcase name="test_updateInc" time="37.27" classname="com.test.TC_RemedyIncident_Update"/>
  <testcase name="test_updateInc" time="57.839" classname="com.test.TC_RemedyIncident_Update"/>
</testsuite> <!-- Test1 -->
