<?xml version="1.0" encoding="UTF-8"?>
<!-- Generated by org.testng.reporters.JUnitXMLReporter -->
<testsuite hostname="TECHMASST300004" ignored="1" name="Test3" tests="2" failures="0" timestamp="2020-09-06T09:21:54 IST" time="75.833" errors="0">
  <testcase name="openRemedyTest" time="7.005" classname="com.test.TC_NetCoolRemedyInc"/>
  <testcase name="test_NetcoolIncident" time="60.014" classname="com.test.TC_NetCoolRemedyInc"/>
  <testcase name="test_NetcoolIncidentData" time="0.0" classname="com.test.TC_NetCoolRemedyInc">
    <ignored/>
  </testcase> <!-- test_NetcoolIncidentData -->
</testsuite> <!-- Test3 -->
