<?xml version="1.0" encoding="UTF-8"?>
<!-- Generated by org.testng.reporters.JUnitXMLReporter -->
<testsuite hostname="TECHMASST300004" ignored="0" name="Test5" tests="1" failures="1" timestamp="2020-10-15T21:04:32 IST" time="112.886" errors="0">
  <testcase name="Test_CID_BusinessApplication" time="61.476" classname="com.test.TC_VerifyBusinessApplication_data">
    <failure type="java.lang.NullPointerException">
      <![CDATA[java.lang.NullPointerException
at com.java.ExcelUtility.verifyEmpty(ExcelUtility.java:105)
at com.test.TC_VerifyBusinessApplication_data.Test_CID_BusinessApplication(TC_VerifyBusinessApplication_data.java:94)
at java.util.ArrayList.forEach(Unknown Source)
... Removed 27 stack frames]]>
    </failure>
  </testcase> <!-- Test_CID_BusinessApplication -->
</testsuite> <!-- Test5 -->
