<?xml version="1.0" encoding="UTF-8"?>
<!-- Generated by org.testng.reporters.JUnitXMLReporter -->
<testsuite hostname="TECHMASST300004" ignored="1" name="Test" tests="1" failures="0" timestamp="2020-09-09T15:26:47 IST" time="89.728" errors="0">
  <testcase name="test_createInc" time="66.426" classname="com.test.TC_RemedyIncident_Creation"/>
  <testcase name="test_AddCI" time="0.0" classname="com.test.TC_RemedyIncident_Creation">
    <ignored/>
  </testcase> <!-- test_AddCI -->
</testsuite> <!-- Test -->
