<?xml version="1.0" encoding="UTF-8"?>
<!-- Generated by org.testng.reporters.JUnitXMLReporter -->
<testsuite hostname="TECHMASST300004" ignored="1" name="CMDB test Validations" tests="2" failures="1" timestamp="2020-08-25T18:43:47 IST" time="28.864" errors="0">
  <testcase name="openRemedyTest" time="7.339" classname="com.test.TC_RemedyIncident_Creation"/>
  <testcase name="test_createInc" time="10.483" classname="com.test.TC_RemedyIncident_Creation">
    <failure type="java.lang.NullPointerException">
      <![CDATA[java.lang.NullPointerException
at com.java.Inc_Utility.createInc(Inc_Utility.java:869)
at com.test.TC_RemedyIncident_Creation.test_createInc(TC_RemedyIncident_Creation.java:131)
at java.util.ArrayList.forEach(Unknown Source)
... Removed 27 stack frames]]>
    </failure>
  </testcase> <!-- test_createInc -->
  <testcase name="test_AddCI" time="0.0" classname="com.test.TC_RemedyIncident_Creation">
    <ignored/>
  </testcase> <!-- test_AddCI -->
</testsuite> <!-- CMDB test Validations -->
