<?xml version="1.0" encoding="UTF-8"?>
<!-- Generated by org.testng.reporters.JUnitXMLReporter -->
<testsuite hostname="TECHMASST300004" ignored="0" name="Test" tests="3" failures="0" timestamp="2020-08-14T12:37:57 IST" time="94.572" errors="0">
  <testcase name="openRemedyTest" time="7.74" classname="com.test.TC_NetCoolRemedyInc"/>
  <testcase name="test_NetcoolIncident" time="67.082" classname="com.test.TC_NetCoolRemedyInc"/>
  <testcase name="test_NetcoolIncidentData" time="9.877" classname="com.test.TC_NetCoolRemedyInc"/>
</testsuite> <!-- Test -->
