<?xml version="1.0" encoding="UTF-8"?>
<!-- Generated by org.testng.reporters.JUnitXMLReporter -->
<testsuite hostname="home-VAIO" ignored="4" name="Test" tests="7" failures="0" timestamp="04 Jun 2020 13:13:06 GMT" time="214.642" errors="0">
  <testcase name="openRemedyTest" time="15.459" classname="com.test.TC_RemedyIncident_Creation"/>
  <testcase name="openRemedyTest" time="15.552" classname="com.test.TC_NetCoolRemedyInc"/>
  <testcase name="test_createInc" time="99.159" classname="com.test.TC_RemedyIncident_Creation"/>
  <testcase name="test_createInc" time="0.035" classname="com.test.TC_RemedyIncident_Creation">
    <skipped/>
  </testcase> <!-- test_createInc -->
  <testcase name="test_createInc" time="0.013" classname="com.test.TC_RemedyIncident_Creation">
    <skipped/>
  </testcase> <!-- test_createInc -->
  <testcase name="test_NetcoolIncidentData" time="44.787" classname="com.test.TC_NetCoolRemedyInc"/>
  <testcase name="test_NetcoolIncidentData" time="0.005" classname="com.test.TC_NetCoolRemedyInc">
    <skipped/>
  </testcase> <!-- test_NetcoolIncidentData -->
  <testcase name="test_searchIncDetails" time="0.0" classname="com.test.TC_RemedyIncident_Creation">
    <ignored/>
  </testcase> <!-- test_searchIncDetails -->
  <testcase name="test_NetcoolIncident" time="0.0" classname="com.test.TC_NetCoolRemedyInc">
    <ignored/>
  </testcase> <!-- test_NetcoolIncident -->
  <testcase name="test_updateInc" time="0.0" classname="com.test.TC_RemedyIncident_Creation">
    <ignored/>
  </testcase> <!-- test_updateInc -->
  <testcase name="test_AddCI" time="0.0" classname="com.test.TC_RemedyIncident_Creation">
    <ignored/>
  </testcase> <!-- test_AddCI -->
</testsuite> <!-- Test -->
