<?xml version="1.0" encoding="UTF-8"?>
<testng-results skipped="0" failed="0" ignored="1" total="2" passed="1">
  <reporter-output>
  </reporter-output>
  <suite name="Remedy TestSuite" duration-ms="31947" started-at="2020-09-14T20:11:44 IST" finished-at="2020-09-14T20:12:16 IST">
    <groups>
    </groups>
    <test name="Test5" duration-ms="31947" started-at="2020-09-14T20:11:44 IST" finished-at="2020-09-14T20:12:16 IST">
      <class name="com.test.TC_RemedyWorkOrder">
        <test-method status="PASS" signature="beforeTest(org.testng.ITestContext)[pri:0, instance:com.test.TC_RemedyWorkOrder@6be70a]" name="beforeTest" is-config="true" duration-ms="11726" started-at="2020-09-14T20:11:44 IST" finished-at="2020-09-14T20:11:55 IST">
          <params>
            <param index="0">
              <value>
                <![CDATA[org.testng.TestRunner@16278d]]>
              </value>
            </param>
          </params>
          <reporter-output>
          </reporter-output>
        </test-method> <!-- beforeTest -->
        <test-method status="PASS" signature="test_searchWorkOrder(org.testng.ITestContext)[pri:2, instance:com.test.TC_RemedyWorkOrder@6be70a]" name="test_searchWorkOrder" duration-ms="12668" started-at="2020-09-14T20:11:56 IST" finished-at="2020-09-14T20:12:08 IST">
          <params>
            <param index="0">
              <value>
                <![CDATA[org.testng.TestRunner@16278d]]>
              </value>
            </param>
          </params>
          <reporter-output>
          </reporter-output>
        </test-method> <!-- test_searchWorkOrder -->
        <test-method status="PASS" signature="teardown()[pri:0, instance:com.test.TC_RemedyWorkOrder@6be70a]" name="teardown" is-config="true" duration-ms="7384" started-at="2020-09-14T20:12:08 IST" finished-at="2020-09-14T20:12:16 IST">
          <reporter-output>
          </reporter-output>
        </test-method> <!-- teardown -->
      </class> <!-- com.test.TC_RemedyWorkOrder -->
    </test> <!-- Test5 -->
  </suite> <!-- Remedy TestSuite -->
</testng-results>
