<?xml version="1.0" encoding="UTF-8"?>
<testng-results skipped="0" failed="1" ignored="0" total="1" passed="0">
  <reporter-output>
  </reporter-output>
  <suite name="Default suite" duration-ms="77918" started-at="2020-10-16T14:32:02 IST" finished-at="2020-10-16T14:33:20 IST">
    <groups>
    </groups>
    <test name="Default test" duration-ms="77918" started-at="2020-10-16T14:32:02 IST" finished-at="2020-10-16T14:33:20 IST">
      <class name="com.test.TC_VerifyBusinessApplication_data">
        <test-method status="PASS" signature="beforeTest(org.testng.ITestContext)[pri:0, instance:com.test.TC_VerifyBusinessApplication_data@1f828d7]" name="beforeTest" is-config="true" duration-ms="18808" started-at="2020-10-16T14:32:02 IST" finished-at="2020-10-16T14:32:21 IST">
          <params>
            <param index="0">
              <value>
                <![CDATA[org.testng.TestRunner@8d18a3]]>
              </value>
            </param>
          </params>
          <reporter-output>
          </reporter-output>
        </test-method> <!-- beforeTest -->
        <test-method status="FAIL" signature="Test_CID_BusinessApplication()[pri:2, instance:com.test.TC_VerifyBusinessApplication_data@1f828d7]" name="Test_CID_BusinessApplication" duration-ms="56535" started-at="2020-10-16T14:32:21 IST" finished-at="2020-10-16T14:33:18 IST">
          <exception class="java.lang.NullPointerException">
            <full-stacktrace>
              <![CDATA[java.lang.NullPointerException
at com.java.ExcelUtility.verifyEmpty(ExcelUtility.java:105)
at com.test.TC_VerifyBusinessApplication_data.Test_CID_BusinessApplication(TC_VerifyBusinessApplication_data.java:96)
at sun.reflect.NativeMethodAccessorImpl.invoke0(Native Method)
at sun.reflect.NativeMethodAccessorImpl.invoke(Unknown Source)
at sun.reflect.DelegatingMethodAccessorImpl.invoke(Unknown Source)
at java.lang.reflect.Method.invoke(Unknown Source)
at org.testng.internal.MethodInvocationHelper.invokeMethod(MethodInvocationHelper.java:132)
at org.testng.internal.TestInvoker.invokeMethod(TestInvoker.java:599)
at org.testng.internal.TestInvoker.invokeTestMethod(TestInvoker.java:174)
at org.testng.internal.MethodRunner.runInSequence(MethodRunner.java:46)
at org.testng.internal.TestInvoker$MethodInvocationAgent.invoke(TestInvoker.java:822)
at org.testng.internal.TestInvoker.invokeTestMethods(TestInvoker.java:147)
at org.testng.internal.TestMethodWorker.invokeTestMethods(TestMethodWorker.java:146)
at org.testng.internal.TestMethodWorker.run(TestMethodWorker.java:128)
at java.util.ArrayList.forEach(Unknown Source)
at org.testng.TestRunner.privateRun(TestRunner.java:764)
at org.testng.TestRunner.run(TestRunner.java:585)
at org.testng.SuiteRunner.runTest(SuiteRunner.java:384)
at org.testng.SuiteRunner.runSequentially(SuiteRunner.java:378)
at org.testng.SuiteRunner.privateRun(SuiteRunner.java:337)
at org.testng.SuiteRunner.run(SuiteRunner.java:286)
at org.testng.SuiteRunnerWorker.runSuite(SuiteRunnerWorker.java:53)
at org.testng.SuiteRunnerWorker.run(SuiteRunnerWorker.java:96)
at org.testng.TestNG.runSuitesSequentially(TestNG.java:1218)
at org.testng.TestNG.runSuitesLocally(TestNG.java:1140)
at org.testng.TestNG.runSuites(TestNG.java:1069)
at org.testng.TestNG.run(TestNG.java:1037)
at org.testng.remote.AbstractRemoteTestNG.run(AbstractRemoteTestNG.java:115)
at org.testng.remote.RemoteTestNG.initAndRun(RemoteTestNG.java:251)
at org.testng.remote.RemoteTestNG.main(RemoteTestNG.java:77)
]]>
            </full-stacktrace>
          </exception> <!-- java.lang.NullPointerException -->
          <reporter-output>
          </reporter-output>
        </test-method> <!-- Test_CID_BusinessApplication -->
        <test-method status="PASS" signature="teardown()[pri:0, instance:com.test.TC_VerifyBusinessApplication_data@1f828d7]" name="teardown" is-config="true" duration-ms="2193" started-at="2020-10-16T14:33:18 IST" finished-at="2020-10-16T14:33:20 IST">
          <reporter-output>
          </reporter-output>
        </test-method> <!-- teardown -->
      </class> <!-- com.test.TC_VerifyBusinessApplication_data -->
    </test> <!-- Default test -->
  </suite> <!-- Default suite -->
</testng-results>
