<?xml version="1.0" encoding="UTF-8"?>
<testng-results skipped="0" failed="0" ignored="1" total="2" passed="1">
  <reporter-output>
  </reporter-output>
  <suite name="Default suite" duration-ms="134977" started-at="2020-09-29T19:17:02 IST" finished-at="2020-09-29T19:19:17 IST">
    <groups>
    </groups>
    <test name="Default test" duration-ms="134977" started-at="2020-09-29T19:17:02 IST" finished-at="2020-09-29T19:19:17 IST">
      <class name="com.test.TC_RemedyIncident_Search">
        <test-method status="PASS" signature="beforeTest(org.testng.ITestContext)[pri:0, instance:com.test.TC_RemedyIncident_Search@a068d1]" name="beforeTest" is-config="true" duration-ms="18609" started-at="2020-09-29T19:17:02 IST" finished-at="2020-09-29T19:17:21 IST">
          <params>
            <param index="0">
              <value>
                <![CDATA[org.testng.TestRunner@10b263]]>
              </value>
            </param>
          </params>
          <reporter-output>
          </reporter-output>
        </test-method> <!-- beforeTest -->
        <test-method status="PASS" signature="test_addVendorTask()[pri:3, instance:com.test.TC_RemedyIncident_Search@a068d1]" name="test_addVendorTask" duration-ms="110156" started-at="2020-09-29T19:17:21 IST" finished-at="2020-09-29T19:19:11 IST">
          <reporter-output>
          </reporter-output>
        </test-method> <!-- test_addVendorTask -->
        <test-method status="FAIL" signature="teardown()[pri:0, instance:com.test.TC_RemedyIncident_Search@a068d1]" name="teardown" is-config="true" duration-ms="6139" started-at="2020-09-29T19:19:11 IST" finished-at="2020-09-29T19:19:17 IST">
          <exception class="org.openqa.selenium.ElementClickInterceptedException">
            <message>
              <![CDATA[element click intercepted: Element <div class="f9" style="text-decoration: underline;;width:56px">...</div> is not clickable at point (1309, 6). Other element would receive the click: <div style="top: 0px; left: 0px; width: 100%; height: 100%; background-color: black; opacity: 0.2; z-index: 100021; visibility: visible;"></div>
  (Session info: chrome=85.0.4183.121)
Build info: version: 'unknown', revision: 'unknown', time: 'unknown'
System info: host: 'TECHMASST300004', ip: '192.168.43.63', os.name: 'Windows 10', os.arch: 'x86', os.version: '10.0', java.version: '1.8.0_211'
Driver info: org.openqa.selenium.chrome.ChromeDriver
Capabilities {acceptInsecureCerts: false, browserName: chrome, browserVersion: 85.0.4183.121, chrome: {chromedriverVersion: 84.0.4147.30 (48b3e868b4cc0..., userDataDir: C:\Users\mehetrr\AppData\Lo...}, goog:chromeOptions: {debuggerAddress: localhost:59269}, javascriptEnabled: true, networkConnectionEnabled: false, pageLoadStrategy: normal, platform: WINDOWS, platformName: WINDOWS, proxy: Proxy(), setWindowRect: true, strictFileInteractability: false, timeouts: {implicit: 0, pageLoad: 300000, script: 30000}, unhandledPromptBehavior: dismiss and notify, webauthn:virtualAuthenticators: true}
Session ID: 5fd30d4cb4d69259d73ff6dc04044fe9]]>
            </message>
            <full-stacktrace>
              <![CDATA[org.openqa.selenium.ElementClickInterceptedException: element click intercepted: Element <div class="f9" style="text-decoration: underline;;width:56px">...</div> is not clickable at point (1309, 6). Other element would receive the click: <div style="top: 0px; left: 0px; width: 100%; height: 100%; background-color: black; opacity: 0.2; z-index: 100021; visibility: visible;"></div>
  (Session info: chrome=85.0.4183.121)
Build info: version: 'unknown', revision: 'unknown', time: 'unknown'
System info: host: 'TECHMASST300004', ip: '192.168.43.63', os.name: 'Windows 10', os.arch: 'x86', os.version: '10.0', java.version: '1.8.0_211'
Driver info: org.openqa.selenium.chrome.ChromeDriver
Capabilities {acceptInsecureCerts: false, browserName: chrome, browserVersion: 85.0.4183.121, chrome: {chromedriverVersion: 84.0.4147.30 (48b3e868b4cc0..., userDataDir: C:\Users\mehetrr\AppData\Lo...}, goog:chromeOptions: {debuggerAddress: localhost:59269}, javascriptEnabled: true, networkConnectionEnabled: false, pageLoadStrategy: normal, platform: WINDOWS, platformName: WINDOWS, proxy: Proxy(), setWindowRect: true, strictFileInteractability: false, timeouts: {implicit: 0, pageLoad: 300000, script: 30000}, unhandledPromptBehavior: dismiss and notify, webauthn:virtualAuthenticators: true}
Session ID: 5fd30d4cb4d69259d73ff6dc04044fe9
at sun.reflect.NativeConstructorAccessorImpl.newInstance0(Native Method)
at sun.reflect.NativeConstructorAccessorImpl.newInstance(Unknown Source)
at sun.reflect.DelegatingConstructorAccessorImpl.newInstance(Unknown Source)
at java.lang.reflect.Constructor.newInstance(Unknown Source)
at org.openqa.selenium.remote.http.W3CHttpResponseCodec.createException(W3CHttpResponseCodec.java:187)
at org.openqa.selenium.remote.http.W3CHttpResponseCodec.decode(W3CHttpResponseCodec.java:122)
at org.openqa.selenium.remote.http.W3CHttpResponseCodec.decode(W3CHttpResponseCodec.java:49)
at org.openqa.selenium.remote.HttpCommandExecutor.execute(HttpCommandExecutor.java:158)
at org.openqa.selenium.remote.service.DriverCommandExecutor.execute(DriverCommandExecutor.java:83)
at org.openqa.selenium.remote.RemoteWebDriver.execute(RemoteWebDriver.java:552)
at org.openqa.selenium.remote.RemoteWebElement.execute(RemoteWebElement.java:285)
at org.openqa.selenium.remote.RemoteWebElement.click(RemoteWebElement.java:84)
at com.java.MethodLibrary.logout(MethodLibrary.java:216)
at com.test.TC_RemedyIncident_Search.teardown(TC_RemedyIncident_Search.java:133)
at sun.reflect.NativeMethodAccessorImpl.invoke0(Native Method)
at sun.reflect.NativeMethodAccessorImpl.invoke(Unknown Source)
at sun.reflect.DelegatingMethodAccessorImpl.invoke(Unknown Source)
at java.lang.reflect.Method.invoke(Unknown Source)
at org.testng.internal.MethodInvocationHelper.invokeMethod(MethodInvocationHelper.java:132)
at org.testng.internal.MethodInvocationHelper.invokeMethodConsideringTimeout(MethodInvocationHelper.java:61)
at org.testng.internal.ConfigInvoker.invokeConfigurationMethod(ConfigInvoker.java:366)
at org.testng.internal.ConfigInvoker.invokeConfigurations(ConfigInvoker.java:320)
at org.testng.TestRunner.invokeTestConfigurations(TestRunner.java:617)
at org.testng.TestRunner.afterRun(TestRunner.java:847)
at org.testng.TestRunner.run(TestRunner.java:588)
at org.testng.SuiteRunner.runTest(SuiteRunner.java:384)
at org.testng.SuiteRunner.runSequentially(SuiteRunner.java:378)
at org.testng.SuiteRunner.privateRun(SuiteRunner.java:337)
at org.testng.SuiteRunner.run(SuiteRunner.java:286)
at org.testng.SuiteRunnerWorker.runSuite(SuiteRunnerWorker.java:53)
at org.testng.SuiteRunnerWorker.run(SuiteRunnerWorker.java:96)
at org.testng.TestNG.runSuitesSequentially(TestNG.java:1218)
at org.testng.TestNG.runSuitesLocally(TestNG.java:1140)
at org.testng.TestNG.runSuites(TestNG.java:1069)
at org.testng.TestNG.run(TestNG.java:1037)
at org.testng.remote.AbstractRemoteTestNG.run(AbstractRemoteTestNG.java:115)
at org.testng.remote.RemoteTestNG.initAndRun(RemoteTestNG.java:251)
at org.testng.remote.RemoteTestNG.main(RemoteTestNG.java:77)
]]>
            </full-stacktrace>
          </exception> <!-- org.openqa.selenium.ElementClickInterceptedException -->
          <reporter-output>
          </reporter-output>
        </test-method> <!-- teardown -->
      </class> <!-- com.test.TC_RemedyIncident_Search -->
    </test> <!-- Default test -->
  </suite> <!-- Default suite -->
</testng-results>
